<?xml version="1.0" encoding="UTF-8"?>
<!-- Generated by org.testng.reporters.JUnitReportReporter -->
<testsuite skipped="0" hostname="Rajeshs-MacBook-Pro.local" name="testNGProg" tests="2" failures="0" timestamp="25 Sep 2017 18:43:05 GMT" time="0.018" errors="0">
  <testcase name="OpenBrowser" time="0.002" classname="testNGProg"/>
  <testcase name="CloseBrowser" time="0.016" classname="testNGProg"/>
</testsuite> <!-- testNGProg -->
