<?xml version="1.0" encoding="UTF-8"?>
<!-- Generated by org.testng.reporters.JUnitReportReporter -->
<testsuite skipped="0" hostname="Rajeshs-MacBook-Pro.local" name="firefoxTest" tests="2" failures="0" timestamp="25 Sep 2017 19:18:17 GMT" time="35.294" errors="0">
  <testcase name="OpenfbChrome" time="12.402" classname="firefoxTest"/>
  <testcase name="OpenFacebook" time="22.892" classname="firefoxTest"/>
</testsuite> <!-- firefoxTest -->
