<?xml version="1.0" encoding="UTF-8"?>
<!-- Generated by org.testng.reporters.JUnitReportReporter -->
<testsuite skipped="0" hostname="Rajeshs-MacBook-Pro.local" name="firefox2" tests="2" failures="0" timestamp="27 Sep 2017 19:40:53 GMT" time="67.328" errors="0">
  <testcase name="testfirefox" time="63.777" classname="firefox2"/>
  <testcase name="testfirefox2" time="3.551" classname="firefox2"/>
</testsuite> <!-- firefox2 -->
